2025-04-02 19:42:28,681	[INFO]	(client.py:162)_bot_login	[botpy] 登录机器人账号中...
2025-04-02 19:42:28,874	[INFO]	(robot.py:65)update_access_token	[botpy] access_token expires_in 7200
2025-04-02 19:42:29,331	[INFO]	(client.py:181)_bot_init	[botpy] 程序启动...
2025-04-02 19:42:29,332	[INFO]	(connection.py:60)multi_run	[botpy] 最大并发连接数: 1, 启动会话数: 1
2025-04-02 19:42:29,333	[INFO]	(client.py:242)bot_connect	[botpy] 会话启动中...
2025-04-02 19:42:29,333	[INFO]	(gateway.py:115)ws_connect	[botpy] 启动中...
2025-04-02 19:42:29,470	[INFO]	(gateway.py:142)ws_identify	[botpy] 鉴权中...
2025-04-02 19:42:29,595	[INFO]	(gateway.py:85)on_message	[botpy] 机器人「test-测试中」启动成功！
2025-04-02 19:42:29,596	[INFO]	(gateway.py:223)_send_heart	[botpy] 心跳维持启动...
2025-04-02 19:42:29,598	[INFO]	(bot.py:18)on_ready	robot 「test-测试中」 on_ready!
2025-04-02 19:42:59,484	[INFO]	(bot.py:29)on_group_at_message_create	{'id': 'ROBOT1.0_6rdUC8DIGSkB3X9L4SCIGxDKdc7OKjQNUt.Cn7CImWbi2GRwJeuS34HsQkC7mmpo1BeGq0ZLw2kvqtNKNr2X0g!!', 'timestamp': '2025-04-02T19:42:59+08:00'}
2025-04-02 19:43:36,443	[INFO]	(client.py:162)_bot_login	[botpy] 登录机器人账号中...
2025-04-02 19:43:36,590	[INFO]	(robot.py:65)update_access_token	[botpy] access_token expires_in 7132
2025-04-02 19:43:37,018	[INFO]	(client.py:181)_bot_init	[botpy] 程序启动...
2025-04-02 19:43:37,018	[INFO]	(connection.py:60)multi_run	[botpy] 最大并发连接数: 1, 启动会话数: 1
2025-04-02 19:43:37,019	[INFO]	(client.py:242)bot_connect	[botpy] 会话启动中...
2025-04-02 19:43:37,019	[INFO]	(gateway.py:115)ws_connect	[botpy] 启动中...
2025-04-02 19:43:37,160	[INFO]	(gateway.py:142)ws_identify	[botpy] 鉴权中...
2025-04-02 19:43:37,254	[INFO]	(gateway.py:85)on_message	[botpy] 机器人「test-测试中」启动成功！
2025-04-02 19:43:37,254	[INFO]	(gateway.py:223)_send_heart	[botpy] 心跳维持启动...
2025-04-02 19:43:37,257	[INFO]	(bot.py:18)on_ready	robot 「test-测试中」 on_ready!
